2023-02-01 11:57:51,651 INFO  [restartedMain] com.tpe.SpringbootintroApplication:Starting SpringbootintroApplication using Java 11.0.9 on DESKTOP-IF10VCU with PID 8952 (C:\Users\ASUS\IdeaProjects\springbootintro\target\classes started by ASUS in C:\Users\ASUS\IdeaProjects\springbootintro)
2023-02-01 11:57:51,676 INFO  [restartedMain] com.tpe.SpringbootintroApplication:No active profile set, falling back to default profiles: default
2023-02-01 11:57:52,005 INFO  [restartedMain] org.springframework.boot.devtools.env.DevToolsPropertyDefaultsPostProcessor:Devtools property defaults active! Set 'spring.devtools.add-properties' to 'false' to disable
2023-02-01 11:57:52,007 INFO  [restartedMain] org.springframework.boot.devtools.env.DevToolsPropertyDefaultsPostProcessor:For additional web related logging consider setting the 'logging.level.web' property to 'DEBUG'
2023-02-01 11:57:56,647 INFO  [restartedMain] org.springframework.data.repository.config.RepositoryConfigurationDelegate:Bootstrapping Spring Data JPA repositories in DEFAULT mode.
2023-02-01 11:57:56,920 INFO  [restartedMain] org.springframework.data.repository.config.RepositoryConfigurationDelegate:Finished Spring Data repository scanning in 241 ms. Found 3 JPA repository interfaces.
2023-02-01 11:57:59,845 INFO  [restartedMain] org.springframework.boot.web.embedded.tomcat.TomcatWebServer:Tomcat initialized with port(s): 8080 (http)
2023-02-01 11:57:59,877 INFO  [restartedMain] org.apache.catalina.core.StandardService:Starting service [Tomcat]
2023-02-01 11:57:59,879 INFO  [restartedMain] org.apache.catalina.core.StandardEngine:Starting Servlet engine: [Apache Tomcat/9.0.56]
2023-02-01 11:58:00,791 INFO  [restartedMain] org.apache.catalina.core.ContainerBase.[Tomcat].[localhost].[/]:Initializing Spring embedded WebApplicationContext
2023-02-01 11:58:00,793 INFO  [restartedMain] org.springframework.boot.web.servlet.context.ServletWebServerApplicationContext:Root WebApplicationContext: initialization completed in 8784 ms
2023-02-01 11:58:01,752 INFO  [restartedMain] org.hibernate.jpa.internal.util.LogHelper:HHH000204: Processing PersistenceUnitInfo [name: default]
2023-02-01 11:58:01,949 INFO  [restartedMain] org.hibernate.Version:HHH000412: Hibernate ORM core version 5.6.4.Final
2023-02-01 11:58:02,596 INFO  [restartedMain] org.hibernate.annotations.common.Version:HCANN000001: Hibernate Commons Annotations {5.1.2.Final}
2023-02-01 11:58:02,996 INFO  [restartedMain] com.zaxxer.hikari.HikariDataSource:HikariPool-1 - Starting...
2023-02-01 11:58:03,780 INFO  [restartedMain] com.zaxxer.hikari.HikariDataSource:HikariPool-1 - Start completed.
2023-02-01 11:58:03,836 INFO  [restartedMain] org.hibernate.dialect.Dialect:HHH000400: Using dialect: org.hibernate.dialect.PostgreSQLDialect
2023-02-01 11:58:06,973 INFO  [restartedMain] org.hibernate.engine.transaction.jta.platform.internal.JtaPlatformInitiator:HHH000490: Using JtaPlatform implementation: [org.hibernate.engine.transaction.jta.platform.internal.NoJtaPlatform]
2023-02-01 11:58:07,000 INFO  [restartedMain] org.springframework.orm.jpa.LocalContainerEntityManagerFactoryBean:Initialized JPA EntityManagerFactory for persistence unit 'default'
2023-02-01 11:58:08,405 WARN  [restartedMain] org.springframework.boot.autoconfigure.orm.jpa.JpaBaseConfiguration$JpaWebConfiguration:spring.jpa.open-in-view is enabled by default. Therefore, database queries may be performed during view rendering. Explicitly configure spring.jpa.open-in-view to disable this warning
2023-02-01 11:58:09,008 INFO  [restartedMain] org.springframework.security.web.DefaultSecurityFilterChain:Will secure any request with [org.springframework.security.web.context.request.async.WebAsyncManagerIntegrationFilter@3520d5f2, org.springframework.security.web.context.SecurityContextPersistenceFilter@2f22527a, org.springframework.security.web.header.HeaderWriterFilter@31d927f4, org.springframework.security.web.authentication.logout.LogoutFilter@3ea9d8e6, org.springframework.security.web.authentication.www.BasicAuthenticationFilter@74469cd, org.springframework.security.web.savedrequest.RequestCacheAwareFilter@240c32dc, org.springframework.security.web.servletapi.SecurityContextHolderAwareRequestFilter@2ac830a5, org.springframework.security.web.authentication.AnonymousAuthenticationFilter@4ad13e56, org.springframework.security.web.session.SessionManagementFilter@6ac46081, org.springframework.security.web.access.ExceptionTranslationFilter@7bfc9d2, org.springframework.security.web.access.intercept.FilterSecurityInterceptor@12476a06, org.springframework.security.web.access.intercept.AuthorizationFilter@285c33b0]
2023-02-01 11:58:10,084 INFO  [restartedMain] org.springframework.boot.devtools.autoconfigure.OptionalLiveReloadServer:LiveReload server is running on port 35729
2023-02-01 11:58:10,099 INFO  [restartedMain] org.springframework.boot.actuate.endpoint.web.EndpointLinksResolver:Exposing 4 endpoint(s) beneath base path '/actuator'
2023-02-01 11:58:10,236 INFO  [restartedMain] org.springframework.boot.web.embedded.tomcat.TomcatWebServer:Tomcat started on port(s): 8080 (http) with context path ''
2023-02-01 11:58:10,271 INFO  [restartedMain] com.tpe.SpringbootintroApplication:Started SpringbootintroApplication in 20.496 seconds (JVM running for 23.236)
2023-02-01 12:01:38,911 INFO  [SpringApplicationShutdownHook] org.springframework.orm.jpa.LocalContainerEntityManagerFactoryBean:Closing JPA EntityManagerFactory for persistence unit 'default'
2023-02-01 12:01:38,923 INFO  [SpringApplicationShutdownHook] com.zaxxer.hikari.HikariDataSource:HikariPool-1 - Shutdown initiated...
2023-02-01 12:01:38,969 INFO  [SpringApplicationShutdownHook] com.zaxxer.hikari.HikariDataSource:HikariPool-1 - Shutdown completed.
